<?xml version="1.0" encoding="UTF-8"?>
<!-- Generated by org.testng.reporters.JUnitReportReporter -->
<testsuite skipped="0" hostname="Lenovo-PC" name="script.TestDemo" tests="1" failures="0" timestamp="16 Oct 2018 04:41:41 GMT" time="14.197" errors="0">
  <testcase name="testA" time="14.197" classname="script.TestDemo"/>
</testsuite> <!-- script.TestDemo -->
