<?xml version="1.0" encoding="UTF-8"?>
<!-- Generated by org.testng.reporters.JUnitReportReporter -->
<testsuite skipped="0" hostname="Lenovo-PC" name="script.TestDemo2" tests="1" failures="0" timestamp="08 Nov 2018 12:04:46 GMT" time="38.827" errors="0">
  <testcase name="test" time="38.827" classname="script.TestDemo2"/>
</testsuite> <!-- script.TestDemo2 -->
