<?xml version="1.0" encoding="UTF-8"?>
<!-- Generated by org.testng.reporters.JUnitReportReporter -->
<testsuite skipped="0" hostname="Lenovo-PC" name="script.TestDemo2" tests="2" failures="0" timestamp="28 Sep 2018 20:15:06 GMT" time="24.935" errors="0">
  <testcase name="test" time="13.222" classname="script.TestDemo2"/>
  <testcase name="ul" time="11.713" classname="script.TestDemo2"/>
</testsuite> <!-- script.TestDemo2 -->
