<?xml version="1.0" encoding="UTF-8"?>
<!-- Generated by org.testng.reporters.JUnitReportReporter -->
<testsuite skipped="0" hostname="Lenovo-PC" name="script.TestDemo" tests="1" failures="0" timestamp="26 Sep 2018 15:04:05 GMT" time="4.751" errors="0">
  <testcase name="testA" time="4.751" classname="script.TestDemo"/>
</testsuite> <!-- script.TestDemo -->
