<?xml version="1.0" encoding="UTF-8"?>
<!-- Generated by org.testng.reporters.JUnitReportReporter -->
<testsuite skipped="0" hostname="Lenovo-PC" name="script.TestDemo" tests="1" failures="0" timestamp="28 Sep 2018 20:15:06 GMT" time="15.631" errors="0">
  <testcase name="testA" time="15.631" classname="script.TestDemo"/>
</testsuite> <!-- script.TestDemo -->
